<?xml version="1.0" encoding="UTF-8"?>
<testng-results ignored="0" total="1" passed="1" failed="0" skipped="0">
  <reporter-output>
  </reporter-output>
  <suite started-at="2024-03-19T11:09:39 IST" name="Default suite" finished-at="2024-03-19T11:10:09 IST" duration-ms="29449">
    <groups>
    </groups>
    <test started-at="2024-03-19T11:09:39 IST" name="Default test" finished-at="2024-03-19T11:10:09 IST" duration-ms="29449">
      <class name="ormeducation.tests.deleteEducationTest">
        <test-method is-config="true" signature="setUp()[pri:0, instance:ormeducation.tests.deleteEducationTest@2f54a33d]" started-at="2024-03-19T11:09:39 IST" name="setUp" finished-at="2024-03-19T11:09:48 IST" duration-ms="8411" status="PASS">
          <reporter-output>
          </reporter-output>
        </test-method> <!-- setUp -->
        <test-method signature="testDeleteEducation()[pri:0, instance:ormeducation.tests.deleteEducationTest@2f54a33d]" started-at="2024-03-19T11:09:48 IST" name="testDeleteEducation" finished-at="2024-03-19T11:10:08 IST" duration-ms="20503" status="PASS">
          <reporter-output>
          </reporter-output>
        </test-method> <!-- testDeleteEducation -->
        <test-method is-config="true" signature="tearDown()[pri:0, instance:ormeducation.tests.deleteEducationTest@2f54a33d]" started-at="2024-03-19T11:10:08 IST" name="tearDown" finished-at="2024-03-19T11:10:09 IST" duration-ms="430" status="PASS">
          <reporter-output>
          </reporter-output>
        </test-method> <!-- tearDown -->
      </class> <!-- ormeducation.tests.deleteEducationTest -->
    </test> <!-- Default test -->
  </suite> <!-- Default suite -->
</testng-results>
