<?xml version="1.0" encoding="UTF-8"?>
<testng-results ignored="0" total="1" passed="1" failed="0" skipped="0">
  <reporter-output>
  </reporter-output>
  <suite started-at="2024-03-18T17:09:49 IST" name="Default suite" finished-at="2024-03-18T17:10:14 IST" duration-ms="24242">
    <groups>
    </groups>
    <test started-at="2024-03-18T17:09:49 IST" name="Default test" finished-at="2024-03-18T17:10:14 IST" duration-ms="24242">
      <class name="ormeducation.tests.deleteEducationTest">
        <test-method is-config="true" signature="setUp()[pri:0, instance:ormeducation.tests.deleteEducationTest@2f54a33d]" started-at="2024-03-18T17:09:50 IST" name="setUp" finished-at="2024-03-18T17:09:55 IST" duration-ms="5407" status="PASS">
          <reporter-output>
          </reporter-output>
        </test-method> <!-- setUp -->
        <test-method signature="testDeleteEducation()[pri:0, instance:ormeducation.tests.deleteEducationTest@2f54a33d]" started-at="2024-03-18T17:09:55 IST" name="testDeleteEducation" finished-at="2024-03-18T17:10:14 IST" duration-ms="18618" status="PASS">
          <reporter-output>
          </reporter-output>
        </test-method> <!-- testDeleteEducation -->
        <test-method is-config="true" signature="tearDown()[pri:0, instance:ormeducation.tests.deleteEducationTest@2f54a33d]" started-at="2024-03-18T17:10:14 IST" name="tearDown" finished-at="2024-03-18T17:10:14 IST" duration-ms="168" status="PASS">
          <reporter-output>
          </reporter-output>
        </test-method> <!-- tearDown -->
      </class> <!-- ormeducation.tests.deleteEducationTest -->
    </test> <!-- Default test -->
  </suite> <!-- Default suite -->
</testng-results>
