<?xml version="1.0" encoding="UTF-8"?>
<testng-results ignored="0" total="1" passed="1" failed="0" skipped="0">
  <reporter-output>
  </reporter-output>
  <suite started-at="2024-03-08T12:48:28 IST" name="Default suite" finished-at="2024-03-08T12:49:14 IST" duration-ms="45536">
    <groups>
    </groups>
    <test started-at="2024-03-08T12:48:28 IST" name="Default test" finished-at="2024-03-08T12:49:14 IST" duration-ms="45536">
      <class name="orangehrm.tests.EditEmployeeTest">
        <test-method is-config="true" signature="setUp()[pri:0, instance:orangehrm.tests.EditEmployeeTest@14dd9eb7]" started-at="2024-03-08T12:48:28 IST" name="setUp" finished-at="2024-03-08T12:48:38 IST" duration-ms="10184" status="PASS">
          <reporter-output>
          </reporter-output>
        </test-method> <!-- setUp -->
        <test-method signature="testEditEmployee()[pri:0, instance:orangehrm.tests.EditEmployeeTest@14dd9eb7]" started-at="2024-03-08T12:48:38 IST" name="testEditEmployee" finished-at="2024-03-08T12:49:13 IST" duration-ms="34880" status="PASS">
          <reporter-output>
          </reporter-output>
        </test-method> <!-- testEditEmployee -->
        <test-method is-config="true" signature="tearDown()[pri:0, instance:orangehrm.tests.EditEmployeeTest@14dd9eb7]" started-at="2024-03-08T12:49:13 IST" name="tearDown" finished-at="2024-03-08T12:49:14 IST" duration-ms="394" status="PASS">
          <reporter-output>
          </reporter-output>
        </test-method> <!-- tearDown -->
      </class> <!-- orangehrm.tests.EditEmployeeTest -->
    </test> <!-- Default test -->
  </suite> <!-- Default suite -->
</testng-results>
